<?xml version="1.0" encoding="UTF-8"?><testsuite errors="1" failures="0" name="Title of your feature" skipped="0" tests="1" time="23.83" timestamp="2020-07-13 09:25:14"><testcase name="Ingresar al Link y Verificar Pdf"><error message="Unresolved compilation problem: &#10;&#9;PendingException cannot be resolved to a type&#10;" type="java.lang.Error">Unresolved compilation problem: 
	PendingException cannot be resolved to a type
</error><system-err>Unresolved compilation problem: 
	PendingException cannot be resolved to a type

com.banistmo.reto.stepdefinitions.TarifarioStepDefinition.seleccionoElPdfAAbrir(TarifarioStepDefinition.java:47)
✽.selecciono el pdf a abrir Tarifas de Cuentas de Depósitos(src/test/resources/features/ingresar_link.feature:11)
</system-err></testcase></testsuite>